<?xml version="1.0" encoding="UTF-8"?>
<!-- Generated by org.testng.reporters.JUnitReportReporter -->
<testsuite skipped="0" hostname="DESKTOP-5DIGRH6" name="com.mycompany.Jabed.RESTAPITest" tests="2" failures="0" timestamp="2019-01-20T23:18:55 EST" time="0.000" errors="0">
  <testcase name="deleteTwitter" time="0.000" classname="com.mycompany.Jabed.RESTAPITest"/>
  <testcase name="postJira" time="0.000" classname="com.mycompany.Jabed.RESTAPITest"/>
</testsuite> <!-- com.mycompany.Jabed.RESTAPITest -->
