<?xml version="1.0" encoding="UTF-8"?>
<!-- Generated by org.testng.reporters.JUnitReportReporter -->
<testsuite skipped="0" hostname="DESKTOP-5DIGRH6" name="com.mycompany.Jabed.Driver" tests="1" failures="0" timestamp="21 Jan 2019 17:39:32 GMT" time="15.763" errors="0">
  <testcase name="Question_1" time="15.763" classname="com.mycompany.Jabed.Driver"/>
</testsuite> <!-- com.mycompany.Jabed.Driver -->
