<?xml version="1.0" encoding="UTF-8"?>
<!-- Generated by org.testng.reporters.JUnitReportReporter -->
<testsuite skipped="0" hostname="DESKTOP-5DIGRH6" name="com.mycompany.Jabed.AppiumTest" tests="2" failures="0" timestamp="21 Jan 2019 04:34:09 GMT" time="0.000" errors="0">
  <testcase name="IOSApps" time="0.000" classname="com.mycompany.Jabed.AppiumTest"/>
  <testcase name="NativeAPpAndroid" time="0.000" classname="com.mycompany.Jabed.AppiumTest"/>
</testsuite> <!-- com.mycompany.Jabed.AppiumTest -->
